{
  "stats": {
    "suites": 1,
    "tests": 3,
    "passes": 3,
    "pending": 0,
    "failures": 0,
    "start": "2023-06-19T13:29:13.110Z",
    "end": "2023-06-19T13:29:39.697Z",
    "duration": 26587,
    "testsRegistered": 3,
    "passPercent": 100,
    "pendingPercent": 0,
    "other": 0,
    "hasOther": false,
    "skipped": 0,
    "hasSkipped": false
  },
  "results": [
    {
      "uuid": "0a1b990a-001d-4f36-9cc5-297c0a1bbccf",
      "title": "",
      "fullFile": "cypress/e2e/reserva.cy.js",
      "file": "cypress/e2e/reserva.cy.js",
      "beforeHooks": [],
      "afterHooks": [],
      "tests": [],
      "suites": [
        {
          "uuid": "461291b1-848b-4471-8808-3c4ce618dc34",
          "title": "unidas reservation",
          "fullFile": "",
          "file": "",
          "beforeHooks": [],
          "afterHooks": [],
          "tests": [
            {
              "title": "Validar início de reserva",
              "fullTitle": "unidas reservation Validar início de reserva",
              "timedOut": null,
              "duration": 9948,
              "state": "passed",
              "speed": "medium",
              "pass": true,
              "fail": false,
              "pending": false,
              "context": null,
              "code": "homePage.selecionaLocalRetirada(\"Copacabana\");\nhomePage.selecionaDataDaReserva();\nhomePage.clicaEmAlugar();\ngroupPage.tituloPaginaExibido();",
              "err": {},
              "uuid": "aee34863-906f-4377-8654-9c335afabb88",
              "parentUUID": "461291b1-848b-4471-8808-3c4ce618dc34",
              "isHook": false,
              "skipped": false
            },
            {
              "title": "Validar seleção de grupo de veículos",
              "fullTitle": "unidas reservation Validar seleção de grupo de veículos",
              "timedOut": null,
              "duration": 7716,
              "state": "passed",
              "speed": "medium",
              "pass": true,
              "fail": false,
              "pending": false,
              "context": null,
              "code": "homePage.selecionaLocalRetirada(\"Copacabana\");\nhomePage.selecionaDataDaReserva();\nhomePage.clicaEmAlugar();\ngroupPage.selecionarRetiradaPrimeiroGrupo();\nresumePage.tituloPaginaExibido();",
              "err": {},
              "uuid": "881fb5d7-0e94-41e6-aa04-6727257890d1",
              "parentUUID": "461291b1-848b-4471-8808-3c4ce618dc34",
              "isHook": false,
              "skipped": false
            },
            {
              "title": "Validar seleção de proteções e serviços de veículos",
              "fullTitle": "unidas reservation Validar seleção de proteções e serviços de veículos",
              "timedOut": null,
              "duration": 8814,
              "state": "passed",
              "speed": "medium",
              "pass": true,
              "fail": false,
              "pending": false,
              "context": null,
              "code": "homePage.selecionaLocalRetirada(\"Copacabana\");\nhomePage.selecionaDataDaReserva();\nhomePage.clicaEmAlugar();\ngroupPage.selecionarRetiradaPrimeiroGrupo();\nresumePage.selecionarAlgumasProtecoes();\nresumePage.selecionarServicoBebeConforto();\nresumePage.clicarBotaoAvancar();\nidentificationPage.tituloPaginaExibido();",
              "err": {},
              "uuid": "3cd9a508-e716-44c7-9f7e-8f3136bd6446",
              "parentUUID": "461291b1-848b-4471-8808-3c4ce618dc34",
              "isHook": false,
              "skipped": false
            }
          ],
          "suites": [],
          "passes": [
            "aee34863-906f-4377-8654-9c335afabb88",
            "881fb5d7-0e94-41e6-aa04-6727257890d1",
            "3cd9a508-e716-44c7-9f7e-8f3136bd6446"
          ],
          "failures": [],
          "pending": [],
          "skipped": [],
          "duration": 26478,
          "root": false,
          "rootEmpty": false,
          "_timeout": 2000
        }
      ],
      "passes": [],
      "failures": [],
      "pending": [],
      "skipped": [],
      "duration": 0,
      "root": true,
      "rootEmpty": true,
      "_timeout": 2000
    }
  ],
  "meta": {
    "mocha": {
      "version": "7.0.1"
    },
    "mochawesome": {
      "options": {
        "quiet": false,
        "reportFilename": "mochawesome",
        "saveHtml": true,
        "saveJson": true,
        "consoleReporter": "spec",
        "useInlineDiffs": false,
        "code": true
      },
      "version": "7.1.3"
    },
    "marge": {
      "options": null,
      "version": "6.2.0"
    }
  }
}